0 verbose cli C:\Program Files\nodejs\node.exe C:\Program Files\nodejs\node_modules\npm\bin\npm-cli.js
1 info using npm@11.11.0
2 info using node@v24.14.1
3 silly config load:file:C:\Program Files\nodejs\node_modules\npm\npmrc
4 silly config load:file:C:\Users\Musbah\notion-widgets\notion-widgets\worker\.npmrc
5 silly config load:file:C:\Users\Musbah\.npmrc
6 silly config load:file:C:\Users\Musbah\AppData\Roaming\npm\etc\npmrc
7 verbose title npm install
8 verbose argv "install" "--ignore-scripts" "--cache" ".npm-cache"
9 verbose logfile logs-max:10 dir:C:\Users\Musbah\notion-widgets\notion-widgets\worker\.npm-cache\_logs\2026-04-17T00_09_55_460Z-
10 verbose logfile C:\Users\Musbah\notion-widgets\notion-widgets\worker\.npm-cache\_logs\2026-04-17T00_09_55_460Z-debug-0.log
11 silly logfile done cleaning log files
12 silly packumentCache heap:4496293888 maxSize:1124073472 maxEntrySize:562036736
13 silly idealTree buildDeps
14 silly reify moves {}
15 silly audit bulk request {
15 silly audit   '@cloudflare/kv-asset-handler': [ '0.4.2' ],
15 silly audit   '@cloudflare/unenv-preset': [ '2.16.0' ],
15 silly audit   '@cloudflare/workerd-darwin-64': [ '1.20260415.1' ],
15 silly audit   '@cloudflare/workerd-darwin-arm64': [ '1.20260415.1' ],
15 silly audit   '@cloudflare/workerd-linux-64': [ '1.20260415.1' ],
15 silly audit   '@cloudflare/workerd-linux-arm64': [ '1.20260415.1' ],
15 silly audit   '@cloudflare/workerd-windows-64': [ '1.20260415.1' ],
15 silly audit   '@cloudflare/workers-types': [ '4.20260416.2' ],
15 silly audit   '@cspotcode/source-map-support': [ '0.8.1' ],
15 silly audit   '@emnapi/runtime': [ '1.10.0' ],
15 silly audit   '@esbuild/aix-ppc64': [ '0.27.3' ],
15 silly audit   '@esbuild/android-arm': [ '0.27.3' ],
15 silly audit   '@esbuild/android-arm64': [ '0.27.3' ],
15 silly audit   '@esbuild/android-x64': [ '0.27.3' ],
15 silly audit   '@esbuild/darwin-arm64': [ '0.27.3' ],
15 silly audit   '@esbuild/darwin-x64': [ '0.27.3' ],
15 silly audit   '@esbuild/freebsd-arm64': [ '0.27.3' ],
15 silly audit   '@esbuild/freebsd-x64': [ '0.27.3' ],
15 silly audit   '@esbuild/linux-arm': [ '0.27.3' ],
15 silly audit   '@esbuild/linux-arm64': [ '0.27.3' ],
15 silly audit   '@esbuild/linux-ia32': [ '0.27.3' ],
15 silly audit   '@esbuild/linux-loong64': [ '0.27.3' ],
15 silly audit   '@esbuild/linux-mips64el': [ '0.27.3' ],
15 silly audit   '@esbuild/linux-ppc64': [ '0.27.3' ],
15 silly audit   '@esbuild/linux-riscv64': [ '0.27.3' ],
15 silly audit   '@esbuild/linux-s390x': [ '0.27.3' ],
15 silly audit   '@esbuild/linux-x64': [ '0.27.3' ],
15 silly audit   '@esbuild/netbsd-arm64': [ '0.27.3' ],
15 silly audit   '@esbuild/netbsd-x64': [ '0.27.3' ],
15 silly audit   '@esbuild/openbsd-arm64': [ '0.27.3' ],
15 silly audit   '@esbuild/openbsd-x64': [ '0.27.3' ],
15 silly audit   '@esbuild/openharmony-arm64': [ '0.27.3' ],
15 silly audit   '@esbuild/sunos-x64': [ '0.27.3' ],
15 silly audit   '@esbuild/win32-arm64': [ '0.27.3' ],
15 silly audit   '@esbuild/win32-ia32': [ '0.27.3' ],
15 silly audit   '@esbuild/win32-x64': [ '0.27.3' ],
15 silly audit   '@img/colour': [ '1.1.0' ],
15 silly audit   '@img/sharp-darwin-arm64': [ '0.34.5' ],
15 silly audit   '@img/sharp-darwin-x64': [ '0.34.5' ],
15 silly audit   '@img/sharp-libvips-darwin-arm64': [ '1.2.4' ],
15 silly audit   '@img/sharp-libvips-darwin-x64': [ '1.2.4' ],
15 silly audit   '@img/sharp-libvips-linux-arm': [ '1.2.4' ],
15 silly audit   '@img/sharp-libvips-linux-arm64': [ '1.2.4' ],
15 silly audit   '@img/sharp-libvips-linux-ppc64': [ '1.2.4' ],
15 silly audit   '@img/sharp-libvips-linux-riscv64': [ '1.2.4' ],
15 silly audit   '@img/sharp-libvips-linux-s390x': [ '1.2.4' ],
15 silly audit   '@img/sharp-libvips-linux-x64': [ '1.2.4' ],
15 silly audit   '@img/sharp-libvips-linuxmusl-arm64': [ '1.2.4' ],
15 silly audit   '@img/sharp-libvips-linuxmusl-x64': [ '1.2.4' ],
15 silly audit   '@img/sharp-linux-arm': [ '0.34.5' ],
15 silly audit   '@img/sharp-linux-arm64': [ '0.34.5' ],
15 silly audit   '@img/sharp-linux-ppc64': [ '0.34.5' ],
15 silly audit   '@img/sharp-linux-riscv64': [ '0.34.5' ],
15 silly audit   '@img/sharp-linux-s390x': [ '0.34.5' ],
15 silly audit   '@img/sharp-linux-x64': [ '0.34.5' ],
15 silly audit   '@img/sharp-linuxmusl-arm64': [ '0.34.5' ],
15 silly audit   '@img/sharp-linuxmusl-x64': [ '0.34.5' ],
15 silly audit   '@img/sharp-wasm32': [ '0.34.5' ],
15 silly audit   '@img/sharp-win32-arm64': [ '0.34.5' ],
15 silly audit   '@img/sharp-win32-ia32': [ '0.34.5' ],
15 silly audit   '@img/sharp-win32-x64': [ '0.34.5' ],
15 silly audit   '@jridgewell/resolve-uri': [ '3.1.2' ],
15 silly audit   '@jridgewell/sourcemap-codec': [ '1.5.5' ],
15 silly audit   '@jridgewell/trace-mapping': [ '0.3.9' ],
15 silly audit   '@poppinss/colors': [ '4.1.6' ],
15 silly audit   '@poppinss/dumper': [ '0.6.5' ],
15 silly audit   '@poppinss/exception': [ '1.2.3' ],
15 silly audit   '@sindresorhus/is': [ '7.2.0' ],
15 silly audit   '@speed-highlight/core': [ '1.2.15' ],
15 silly audit   'blake3-wasm': [ '2.1.5' ],
15 silly audit   cookie: [ '1.1.1' ],
15 silly audit   'detect-libc': [ '2.1.2' ],
15 silly audit   'error-stack-parser-es': [ '1.0.5' ],
15 silly audit   esbuild: [ '0.27.3' ],
15 silly audit   fsevents: [ '2.3.3' ],
15 silly audit   kleur: [ '4.1.5' ],
15 silly audit   miniflare: [ '4.20260415.0' ],
15 silly audit   'path-to-regexp': [ '6.3.0' ],
15 silly audit   pathe: [ '2.0.3' ],
15 silly audit   semver: [ '7.7.4' ],
15 silly audit   sharp: [ '0.34.5' ],
15 silly audit   'supports-color': [ '10.2.2' ],
15 silly audit   tslib: [ '2.8.1' ],
15 silly audit   typescript: [ '5.9.3' ],
15 silly audit   undici: [ '7.24.8' ],
15 silly audit   unenv: [ '2.0.0-rc.24' ],
15 silly audit   workerd: [ '1.20260415.1' ],
15 silly audit   wrangler: [ '4.83.0' ],
15 silly audit   ws: [ '8.18.0' ],
15 silly audit   youch: [ '4.1.0-beta.10' ],
15 silly audit   'youch-core': [ '0.3.3' ]
15 silly audit }
16 http cache youch@https://registry.npmjs.org/youch/-/youch-4.1.0-beta.10.tgz 0ms (cache hit)
17 http cache youch-core@https://registry.npmjs.org/youch-core/-/youch-core-0.3.3.tgz 0ms (cache hit)
18 http cache ws@https://registry.npmjs.org/ws/-/ws-8.18.0.tgz 0ms (cache hit)
19 http cache workerd@https://registry.npmjs.org/workerd/-/workerd-1.20260415.1.tgz 0ms (cache hit)
20 http cache wrangler@https://registry.npmjs.org/wrangler/-/wrangler-4.83.0.tgz 0ms (cache hit)
21 http cache typescript@https://registry.npmjs.org/typescript/-/typescript-5.9.3.tgz 0ms (cache hit)
22 http cache unenv@https://registry.npmjs.org/unenv/-/unenv-2.0.0-rc.24.tgz 0ms (cache hit)
23 http cache undici@https://registry.npmjs.org/undici/-/undici-7.24.8.tgz 0ms (cache hit)
24 http cache sharp@https://registry.npmjs.org/sharp/-/sharp-0.34.5.tgz 0ms (cache hit)
25 http cache path-to-regexp@https://registry.npmjs.org/path-to-regexp/-/path-to-regexp-6.3.0.tgz 0ms (cache hit)
26 http cache supports-color@https://registry.npmjs.org/supports-color/-/supports-color-10.2.2.tgz 0ms (cache hit)
27 http cache semver@https://registry.npmjs.org/semver/-/semver-7.7.4.tgz 0ms (cache hit)
28 http cache miniflare@https://registry.npmjs.org/miniflare/-/miniflare-4.20260415.0.tgz 0ms (cache hit)
29 http cache pathe@https://registry.npmjs.org/pathe/-/pathe-2.0.3.tgz 0ms (cache hit)
30 http cache kleur@https://registry.npmjs.org/kleur/-/kleur-4.1.5.tgz 0ms (cache hit)
31 http cache error-stack-parser-es@https://registry.npmjs.org/error-stack-parser-es/-/error-stack-parser-es-1.0.5.tgz 0ms (cache hit)
32 http cache esbuild@https://registry.npmjs.org/esbuild/-/esbuild-0.27.3.tgz 0ms (cache hit)
33 http cache detect-libc@https://registry.npmjs.org/detect-libc/-/detect-libc-2.1.2.tgz 0ms (cache hit)
34 http cache cookie@https://registry.npmjs.org/cookie/-/cookie-1.1.1.tgz 0ms (cache hit)
35 http cache blake3-wasm@https://registry.npmjs.org/blake3-wasm/-/blake3-wasm-2.1.5.tgz 0ms (cache hit)
36 http cache @speed-highlight/core@https://registry.npmjs.org/@speed-highlight/core/-/core-1.2.15.tgz 0ms (cache hit)
37 http cache @poppinss/exception@https://registry.npmjs.org/@poppinss/exception/-/exception-1.2.3.tgz 0ms (cache hit)
38 http cache @jridgewell/trace-mapping@https://registry.npmjs.org/@jridgewell/trace-mapping/-/trace-mapping-0.3.9.tgz 0ms (cache hit)
39 http cache @poppinss/dumper@https://registry.npmjs.org/@poppinss/dumper/-/dumper-0.6.5.tgz 0ms (cache hit)
40 http cache @poppinss/colors@https://registry.npmjs.org/@poppinss/colors/-/colors-4.1.6.tgz 0ms (cache hit)
41 http cache @jridgewell/sourcemap-codec@https://registry.npmjs.org/@jridgewell/sourcemap-codec/-/sourcemap-codec-1.5.5.tgz 0ms (cache hit)
42 http cache @jridgewell/resolve-uri@https://registry.npmjs.org/@jridgewell/resolve-uri/-/resolve-uri-3.1.2.tgz 0ms (cache hit)
43 http cache @img/sharp-win32-x64@https://registry.npmjs.org/@img/sharp-win32-x64/-/sharp-win32-x64-0.34.5.tgz 0ms (cache hit)
44 http cache @img/colour@https://registry.npmjs.org/@img/colour/-/colour-1.1.0.tgz 0ms (cache hit)
45 http cache @sindresorhus/is@https://registry.npmjs.org/@sindresorhus/is/-/is-7.2.0.tgz 0ms (cache hit)
46 http cache @cloudflare/workers-types@https://registry.npmjs.org/@cloudflare/workers-types/-/workers-types-4.20260416.2.tgz 0ms (cache hit)
47 http cache @cspotcode/source-map-support@https://registry.npmjs.org/@cspotcode/source-map-support/-/source-map-support-0.8.1.tgz 0ms (cache hit)
48 http cache @esbuild/win32-x64@https://registry.npmjs.org/@esbuild/win32-x64/-/win32-x64-0.27.3.tgz 0ms (cache hit)
49 silly tarball no local data for youch@https://registry.npmjs.org/youch/-/youch-4.1.0-beta.10.tgz. Extracting by manifest.
50 http cache @cloudflare/workerd-windows-64@https://registry.npmjs.org/@cloudflare/workerd-windows-64/-/workerd-windows-64-1.20260415.1.tgz 0ms (cache hit)
51 silly tarball no local data for youch-core@https://registry.npmjs.org/youch-core/-/youch-core-0.3.3.tgz. Extracting by manifest.
52 silly tarball no local data for ws@https://registry.npmjs.org/ws/-/ws-8.18.0.tgz. Extracting by manifest.
53 silly tarball no local data for workerd@https://registry.npmjs.org/workerd/-/workerd-1.20260415.1.tgz. Extracting by manifest.
54 silly tarball no local data for wrangler@https://registry.npmjs.org/wrangler/-/wrangler-4.83.0.tgz. Extracting by manifest.
55 silly tarball no local data for typescript@https://registry.npmjs.org/typescript/-/typescript-5.9.3.tgz. Extracting by manifest.
56 silly tarball no local data for unenv@https://registry.npmjs.org/unenv/-/unenv-2.0.0-rc.24.tgz. Extracting by manifest.
57 http cache @cloudflare/kv-asset-handler@https://registry.npmjs.org/@cloudflare/kv-asset-handler/-/kv-asset-handler-0.4.2.tgz 0ms (cache hit)
58 http cache @cloudflare/unenv-preset@https://registry.npmjs.org/@cloudflare/unenv-preset/-/unenv-preset-2.16.0.tgz 0ms (cache hit)
59 silly tarball no local data for undici@https://registry.npmjs.org/undici/-/undici-7.24.8.tgz. Extracting by manifest.
60 silly tarball no local data for sharp@https://registry.npmjs.org/sharp/-/sharp-0.34.5.tgz. Extracting by manifest.
61 silly tarball no local data for path-to-regexp@https://registry.npmjs.org/path-to-regexp/-/path-to-regexp-6.3.0.tgz. Extracting by manifest.
62 silly tarball no local data for supports-color@https://registry.npmjs.org/supports-color/-/supports-color-10.2.2.tgz. Extracting by manifest.
63 silly tarball no local data for semver@https://registry.npmjs.org/semver/-/semver-7.7.4.tgz. Extracting by manifest.
64 silly tarball no local data for miniflare@https://registry.npmjs.org/miniflare/-/miniflare-4.20260415.0.tgz. Extracting by manifest.
65 silly tarball no local data for pathe@https://registry.npmjs.org/pathe/-/pathe-2.0.3.tgz. Extracting by manifest.
66 silly tarball no local data for kleur@https://registry.npmjs.org/kleur/-/kleur-4.1.5.tgz. Extracting by manifest.
67 silly tarball no local data for error-stack-parser-es@https://registry.npmjs.org/error-stack-parser-es/-/error-stack-parser-es-1.0.5.tgz. Extracting by manifest.
68 silly tarball no local data for esbuild@https://registry.npmjs.org/esbuild/-/esbuild-0.27.3.tgz. Extracting by manifest.
69 silly tarball no local data for detect-libc@https://registry.npmjs.org/detect-libc/-/detect-libc-2.1.2.tgz. Extracting by manifest.
70 silly tarball no local data for cookie@https://registry.npmjs.org/cookie/-/cookie-1.1.1.tgz. Extracting by manifest.
71 silly tarball no local data for blake3-wasm@https://registry.npmjs.org/blake3-wasm/-/blake3-wasm-2.1.5.tgz. Extracting by manifest.
72 silly tarball no local data for @speed-highlight/core@https://registry.npmjs.org/@speed-highlight/core/-/core-1.2.15.tgz. Extracting by manifest.
73 silly tarball no local data for @poppinss/exception@https://registry.npmjs.org/@poppinss/exception/-/exception-1.2.3.tgz. Extracting by manifest.
74 silly tarball no local data for @jridgewell/trace-mapping@https://registry.npmjs.org/@jridgewell/trace-mapping/-/trace-mapping-0.3.9.tgz. Extracting by manifest.
75 silly tarball no local data for @poppinss/dumper@https://registry.npmjs.org/@poppinss/dumper/-/dumper-0.6.5.tgz. Extracting by manifest.
76 silly tarball no local data for @poppinss/colors@https://registry.npmjs.org/@poppinss/colors/-/colors-4.1.6.tgz. Extracting by manifest.
77 silly tarball no local data for @jridgewell/sourcemap-codec@https://registry.npmjs.org/@jridgewell/sourcemap-codec/-/sourcemap-codec-1.5.5.tgz. Extracting by manifest.
78 silly tarball no local data for @jridgewell/resolve-uri@https://registry.npmjs.org/@jridgewell/resolve-uri/-/resolve-uri-3.1.2.tgz. Extracting by manifest.
79 silly tarball no local data for @img/sharp-win32-x64@https://registry.npmjs.org/@img/sharp-win32-x64/-/sharp-win32-x64-0.34.5.tgz. Extracting by manifest.
80 silly tarball no local data for @img/colour@https://registry.npmjs.org/@img/colour/-/colour-1.1.0.tgz. Extracting by manifest.
81 silly tarball no local data for @sindresorhus/is@https://registry.npmjs.org/@sindresorhus/is/-/is-7.2.0.tgz. Extracting by manifest.
82 silly tarball no local data for @cloudflare/workers-types@https://registry.npmjs.org/@cloudflare/workers-types/-/workers-types-4.20260416.2.tgz. Extracting by manifest.
83 silly tarball no local data for @cspotcode/source-map-support@https://registry.npmjs.org/@cspotcode/source-map-support/-/source-map-support-0.8.1.tgz. Extracting by manifest.
84 silly tarball no local data for @esbuild/win32-x64@https://registry.npmjs.org/@esbuild/win32-x64/-/win32-x64-0.27.3.tgz. Extracting by manifest.
85 silly tarball no local data for @cloudflare/workerd-windows-64@https://registry.npmjs.org/@cloudflare/workerd-windows-64/-/workerd-windows-64-1.20260415.1.tgz. Extracting by manifest.
86 silly tarball no local data for @cloudflare/kv-asset-handler@https://registry.npmjs.org/@cloudflare/kv-asset-handler/-/kv-asset-handler-0.4.2.tgz. Extracting by manifest.
87 silly tarball no local data for @cloudflare/unenv-preset@https://registry.npmjs.org/@cloudflare/unenv-preset/-/unenv-preset-2.16.0.tgz. Extracting by manifest.
88 http fetch GET 200 https://registry.npmjs.org/npm 136ms
89 http fetch GET 200 https://registry.npmjs.org/supports-color/-/supports-color-10.2.2.tgz 123ms (cache miss)
90 http fetch POST 200 https://registry.npmjs.org/-/npm/v1/security/advisories/bulk 154ms
91 silly audit report {}
92 http fetch GET 200 https://registry.npmjs.org/youch-core/-/youch-core-0.3.3.tgz 158ms (cache miss)
93 http fetch GET 200 https://registry.npmjs.org/kleur/-/kleur-4.1.5.tgz 155ms (cache miss)
94 http fetch GET 200 https://registry.npmjs.org/path-to-regexp/-/path-to-regexp-6.3.0.tgz 161ms (cache miss)
95 http fetch GET 200 https://registry.npmjs.org/@poppinss/exception/-/exception-1.2.3.tgz 266ms (cache miss)
96 http fetch GET 200 https://registry.npmjs.org/detect-libc/-/detect-libc-2.1.2.tgz 272ms (cache miss)
97 http fetch GET 200 https://registry.npmjs.org/cookie/-/cookie-1.1.1.tgz 272ms (cache miss)
98 http fetch GET 200 https://registry.npmjs.org/pathe/-/pathe-2.0.3.tgz 290ms (cache miss)
99 http fetch GET 200 https://registry.npmjs.org/error-stack-parser-es/-/error-stack-parser-es-1.0.5.tgz 290ms (cache miss)
100 http fetch GET 200 https://registry.npmjs.org/ws/-/ws-8.18.0.tgz 298ms (cache miss)
101 http fetch GET 200 https://registry.npmjs.org/@jridgewell/resolve-uri/-/resolve-uri-3.1.2.tgz 294ms (cache miss)
102 http fetch GET 200 https://registry.npmjs.org/esbuild/-/esbuild-0.27.3.tgz 297ms (cache miss)
103 http fetch GET 200 https://registry.npmjs.org/@poppinss/colors/-/colors-4.1.6.tgz 312ms (cache miss)
104 http fetch GET 200 https://registry.npmjs.org/@cspotcode/source-map-support/-/source-map-support-0.8.1.tgz 315ms (cache miss)
105 http fetch GET 200 https://registry.npmjs.org/@cloudflare/kv-asset-handler/-/kv-asset-handler-0.4.2.tgz 424ms (cache miss)
106 http fetch GET 200 https://registry.npmjs.org/@sindresorhus/is/-/is-7.2.0.tgz 431ms (cache miss)
107 http fetch GET 200 https://registry.npmjs.org/@jridgewell/trace-mapping/-/trace-mapping-0.3.9.tgz 449ms (cache miss)
108 http fetch GET 200 https://registry.npmjs.org/@cloudflare/unenv-preset/-/unenv-preset-2.16.0.tgz 519ms (cache miss)
109 http fetch GET 200 https://registry.npmjs.org/@jridgewell/sourcemap-codec/-/sourcemap-codec-1.5.5.tgz 534ms (cache miss)
110 http fetch GET 200 https://registry.npmjs.org/@img/colour/-/colour-1.1.0.tgz 540ms (cache miss)
111 http fetch GET 200 https://registry.npmjs.org/@poppinss/dumper/-/dumper-0.6.5.tgz 605ms (cache miss)
112 http fetch GET 200 https://registry.npmjs.org/semver/-/semver-7.7.4.tgz 657ms (cache miss)
113 http fetch GET 200 https://registry.npmjs.org/workerd/-/workerd-1.20260415.1.tgz 686ms (cache miss)
114 http fetch GET 200 https://registry.npmjs.org/sharp/-/sharp-0.34.5.tgz 704ms (cache miss)
115 http fetch GET 200 https://registry.npmjs.org/youch/-/youch-4.1.0-beta.10.tgz 727ms (cache miss)
116 http fetch GET 200 https://registry.npmjs.org/@esbuild/win32-x64/-/win32-x64-0.27.3.tgz 1311ms (cache miss)
117 http fetch GET 200 https://registry.npmjs.org/wrangler/-/wrangler-4.83.0.tgz 1355ms (cache miss)
118 http fetch GET 200 https://registry.npmjs.org/blake3-wasm/-/blake3-wasm-2.1.5.tgz 1828ms (cache miss)
119 http fetch GET 200 https://registry.npmjs.org/@img/sharp-win32-x64/-/sharp-win32-x64-0.34.5.tgz 1914ms (cache miss)
120 http fetch GET 200 https://registry.npmjs.org/@cloudflare/workers-types/-/workers-types-4.20260416.2.tgz 2025ms (cache miss)
121 http fetch GET 200 https://registry.npmjs.org/undici/-/undici-7.24.8.tgz 2072ms (cache miss)
122 http fetch GET 200 https://registry.npmjs.org/@speed-highlight/core/-/core-1.2.15.tgz 2111ms (cache miss)
123 http fetch GET 200 https://registry.npmjs.org/@cloudflare/workerd-windows-64/-/workerd-windows-64-1.20260415.1.tgz 2356ms (cache miss)
124 http fetch GET 200 https://registry.npmjs.org/typescript/-/typescript-5.9.3.tgz 2366ms (cache miss)
125 http fetch GET 200 https://registry.npmjs.org/miniflare/-/miniflare-4.20260415.0.tgz 2405ms (cache miss)
126 http fetch GET 200 https://registry.npmjs.org/unenv/-/unenv-2.0.0-rc.24.tgz 2517ms (cache miss)
127 silly ADD node_modules/youch-core
128 silly ADD node_modules/youch
129 silly ADD node_modules/ws
130 silly ADD node_modules/wrangler
131 silly ADD node_modules/workerd
132 silly ADD node_modules/unenv
133 silly ADD node_modules/undici
134 silly ADD node_modules/typescript
135 silly ADD node_modules/supports-color
136 silly ADD node_modules/sharp
137 silly ADD node_modules/semver
138 silly ADD node_modules/pathe
139 silly ADD node_modules/path-to-regexp
140 silly ADD node_modules/miniflare
141 silly ADD node_modules/kleur
142 silly ADD node_modules/esbuild
143 silly ADD node_modules/error-stack-parser-es
144 silly ADD node_modules/detect-libc
145 silly ADD node_modules/cookie
146 silly ADD node_modules/blake3-wasm
147 silly ADD node_modules/@speed-highlight/core
148 silly ADD node_modules/@sindresorhus/is
149 silly ADD node_modules/@poppinss/exception
150 silly ADD node_modules/@poppinss/dumper
151 silly ADD node_modules/@poppinss/colors
152 silly ADD node_modules/@jridgewell/trace-mapping
153 silly ADD node_modules/@jridgewell/sourcemap-codec
154 silly ADD node_modules/@jridgewell/resolve-uri
155 silly ADD node_modules/@img/sharp-win32-x64
156 silly ADD node_modules/@img/colour
157 silly ADD node_modules/@esbuild/win32-x64
158 silly ADD node_modules/@cspotcode/source-map-support
159 silly ADD node_modules/@cloudflare/workers-types
160 silly ADD node_modules/@cloudflare/workerd-windows-64
161 silly ADD node_modules/@cloudflare/unenv-preset
162 silly ADD node_modules/@cloudflare/kv-asset-handler
163 verbose cwd C:\Users\Musbah\notion-widgets\notion-widgets\worker
164 verbose os Windows_NT 10.0.26200
165 verbose node v24.14.1
166 verbose npm  v11.11.0
167 notice
167 notice New minor version of npm available! 11.11.0 -> 11.12.1
167 notice Changelog: https://github.com/npm/cli/releases/tag/v11.12.1
167 notice To update run: npm install -g npm@11.12.1
167 notice  { force: true, Symbol(proc-log.meta): true }
168 verbose exit 0
169 info ok
